c:\users\mayur kapadnis\source\repos\visualize\bazier\x64\debug\bazier.pch
c:\users\mayur kapadnis\source\repos\visualize\bazier\x64\debug\vc143.pdb
c:\users\mayur kapadnis\source\repos\visualize\bazier\x64\debug\vc143.idb
c:\users\mayur kapadnis\source\repos\visualize\bazier\x64\debug\pch.obj
c:\users\mayur kapadnis\source\repos\visualize\bazier\x64\debug\dllmain.obj
c:\users\mayur kapadnis\source\repos\visualize\bazier\x64\debug\baziercurve.obj
c:\users\mayur kapadnis\source\repos\visualize\bazier\x64\debug\bazier.obj
c:\users\mayur kapadnis\source\repos\visualize\bazier\x64\debug\bazier.ilk
c:\users\mayur kapadnis\source\repos\visualize\x64\debug\bazier.dll
c:\users\mayur kapadnis\source\repos\visualize\x64\debug\bazier.pdb
c:\users\mayur kapadnis\source\repos\visualize\x64\debug\bazier.lib
c:\users\mayur kapadnis\source\repos\visualize\x64\debug\bazier.exp
c:\users\mayur kapadnis\source\repos\visualize\bazier\x64\debug\bazier.tlog\cl.command.1.tlog
c:\users\mayur kapadnis\source\repos\visualize\bazier\x64\debug\bazier.tlog\cl.items.tlog
c:\users\mayur kapadnis\source\repos\visualize\bazier\x64\debug\bazier.tlog\cl.read.1.tlog
c:\users\mayur kapadnis\source\repos\visualize\bazier\x64\debug\bazier.tlog\cl.write.1.tlog
c:\users\mayur kapadnis\source\repos\visualize\bazier\x64\debug\bazier.tlog\link.command.1.tlog
c:\users\mayur kapadnis\source\repos\visualize\bazier\x64\debug\bazier.tlog\link.read.1.tlog
c:\users\mayur kapadnis\source\repos\visualize\bazier\x64\debug\bazier.tlog\link.write.1.tlog
c:\users\mayur kapadnis\source\repos\visualize\bazier\x64\debug\bazier.tlog\link.write.2u.tlog
